2019-03-01 10:53:41.786  INFO 8940 --- [main] com.example.library.LibraryApplication   : Starting LibraryApplication on liu-MAC with PID 8940 (/home/oracle/IdeaProjects/library/target/classes started by oracle in /home/oracle/IdeaProjects/library)
2019-03-01 10:53:41.791  INFO 8940 --- [main] com.example.library.LibraryApplication   : No active profile set, falling back to default profiles: default
2019-03-01 10:53:42.557  INFO 8940 --- [main] .s.d.r.c.RepositoryConfigurationDelegate : Multiple Spring Data modules found, entering strict repository configuration mode!
2019-03-01 10:53:42.559  INFO 8940 --- [main] .s.d.r.c.RepositoryConfigurationDelegate : Bootstrapping Spring Data repositories in DEFAULT mode.
2019-03-01 10:53:42.574  INFO 8940 --- [main] .s.d.r.c.RepositoryConfigurationDelegate : Finished Spring Data repository scanning in 4ms. Found 0 repository interfaces.
2019-03-01 10:53:42.792  INFO 8940 --- [main] trationDelegate$BeanPostProcessorChecker : Bean 'org.springframework.transaction.annotation.ProxyTransactionManagementConfiguration' of type [org.springframework.transaction.annotation.ProxyTransactionManagementConfiguration$$EnhancerBySpringCGLIB$$2ee56d9e] is not eligible for getting processed by all BeanPostProcessors (for example: not eligible for auto-proxying)
2019-03-01 10:53:43.088  INFO 8940 --- [main] o.s.b.w.embedded.tomcat.TomcatWebServer  : Tomcat initialized with port(s): 8080 (http)
2019-03-01 10:53:43.112  INFO 8940 --- [main] o.apache.catalina.core.StandardService   : Starting service [Tomcat]
2019-03-01 10:53:43.113  INFO 8940 --- [main] org.apache.catalina.core.StandardEngine  : Starting Servlet engine: [Apache Tomcat/9.0.16]
2019-03-01 10:53:43.119  INFO 8940 --- [main] o.a.catalina.core.AprLifecycleListener   : The APR based Apache Tomcat Native library which allows optimal performance in production environments was not found on the java.library.path: [/usr/java/packages/lib:/usr/lib64:/lib64:/lib:/usr/lib]
2019-03-01 10:53:43.179  INFO 8940 --- [main] o.a.c.c.C.[Tomcat].[localhost].[/]       : Initializing Spring embedded WebApplicationContext
2019-03-01 10:53:43.179 DEBUG 8940 --- [main] o.s.web.context.ContextLoader            : Published root WebApplicationContext as ServletContext attribute with name [org.springframework.web.context.WebApplicationContext.ROOT]
2019-03-01 10:53:43.180  INFO 8940 --- [main] o.s.web.context.ContextLoader            : Root WebApplicationContext: initialization completed in 1344 ms
2019-03-01 10:53:43.517 DEBUG 8940 --- [main] o.s.w.s.handler.SimpleUrlHandlerMapping  : Patterns [/**/favicon.ico] in 'faviconHandlerMapping'
2019-03-01 10:53:43.629  INFO 8940 --- [main] o.s.s.concurrent.ThreadPoolTaskExecutor  : Initializing ExecutorService 'applicationTaskExecutor'
2019-03-01 10:53:43.637 DEBUG 8940 --- [main] s.w.s.m.m.a.RequestMappingHandlerAdapter : ControllerAdvice beans: 0 @ModelAttribute, 0 @InitBinder, 1 RequestBodyAdvice, 1 ResponseBodyAdvice
2019-03-01 10:53:43.664 DEBUG 8940 --- [main] s.w.s.m.m.a.RequestMappingHandlerMapping : 3 mappings in 'requestMappingHandlerMapping'
2019-03-01 10:53:43.671 DEBUG 8940 --- [main] o.s.w.s.handler.SimpleUrlHandlerMapping  : Patterns [/webjars/**, /**] in 'resourceHandlerMapping'
2019-03-01 10:53:43.677 DEBUG 8940 --- [main] .m.m.a.ExceptionHandlerExceptionResolver : ControllerAdvice beans: 0 @ExceptionHandler, 1 ResponseBodyAdvice
2019-03-01 10:53:43.693  WARN 8940 --- [main] ion$DefaultTemplateResolverConfiguration : Cannot find template location: classpath:/templates/ (please add some templates or check your Thymeleaf configuration)
2019-03-01 10:53:44.039  INFO 8940 --- [main] o.s.b.w.embedded.tomcat.TomcatWebServer  : Tomcat started on port(s): 8080 (http) with context path ''
2019-03-01 10:53:44.042  INFO 8940 --- [main] com.example.library.LibraryApplication   : Started LibraryApplication in 2.605 seconds (JVM running for 3.393)
2019-03-01 10:55:25.558  INFO 8940 --- [Thread-2] o.s.s.concurrent.ThreadPoolTaskExecutor  : Shutting down ExecutorService 'applicationTaskExecutor'
2019-03-01 10:55:28.030  INFO 9296 --- [main] com.example.library.LibraryApplication   : Starting LibraryApplication on liu-MAC with PID 9296 (/home/oracle/IdeaProjects/library/target/classes started by oracle in /home/oracle/IdeaProjects/library)
2019-03-01 10:55:28.032  INFO 9296 --- [main] com.example.library.LibraryApplication   : No active profile set, falling back to default profiles: default
2019-03-01 10:55:28.662  INFO 9296 --- [main] .s.d.r.c.RepositoryConfigurationDelegate : Multiple Spring Data modules found, entering strict repository configuration mode!
2019-03-01 10:55:28.665  INFO 9296 --- [main] .s.d.r.c.RepositoryConfigurationDelegate : Bootstrapping Spring Data repositories in DEFAULT mode.
2019-03-01 10:55:28.682  INFO 9296 --- [main] .s.d.r.c.RepositoryConfigurationDelegate : Finished Spring Data repository scanning in 7ms. Found 0 repository interfaces.
2019-03-01 10:55:28.882  INFO 9296 --- [main] trationDelegate$BeanPostProcessorChecker : Bean 'org.springframework.transaction.annotation.ProxyTransactionManagementConfiguration' of type [org.springframework.transaction.annotation.ProxyTransactionManagementConfiguration$$EnhancerBySpringCGLIB$$e90ed9d4] is not eligible for getting processed by all BeanPostProcessors (for example: not eligible for auto-proxying)
2019-03-01 10:55:29.077  INFO 9296 --- [main] o.s.b.w.embedded.tomcat.TomcatWebServer  : Tomcat initialized with port(s): 8080 (http)
2019-03-01 10:55:29.097  INFO 9296 --- [main] o.apache.catalina.core.StandardService   : Starting service [Tomcat]
2019-03-01 10:55:29.098  INFO 9296 --- [main] org.apache.catalina.core.StandardEngine  : Starting Servlet engine: [Apache Tomcat/9.0.16]
2019-03-01 10:55:29.103  INFO 9296 --- [main] o.a.catalina.core.AprLifecycleListener   : The APR based Apache Tomcat Native library which allows optimal performance in production environments was not found on the java.library.path: [/usr/java/packages/lib:/usr/lib64:/lib64:/lib:/usr/lib]
2019-03-01 10:55:29.172  INFO 9296 --- [main] o.a.c.c.C.[Tomcat].[localhost].[/]       : Initializing Spring embedded WebApplicationContext
2019-03-01 10:55:29.172 DEBUG 9296 --- [main] o.s.web.context.ContextLoader            : Published root WebApplicationContext as ServletContext attribute with name [org.springframework.web.context.WebApplicationContext.ROOT]
2019-03-01 10:55:29.172  INFO 9296 --- [main] o.s.web.context.ContextLoader            : Root WebApplicationContext: initialization completed in 1111 ms
2019-03-01 10:55:29.480 DEBUG 9296 --- [main] o.s.w.s.handler.SimpleUrlHandlerMapping  : Patterns [/**/favicon.ico] in 'faviconHandlerMapping'
2019-03-01 10:55:29.590  INFO 9296 --- [main] o.s.s.concurrent.ThreadPoolTaskExecutor  : Initializing ExecutorService 'applicationTaskExecutor'
2019-03-01 10:55:29.597 DEBUG 9296 --- [main] s.w.s.m.m.a.RequestMappingHandlerAdapter : ControllerAdvice beans: 0 @ModelAttribute, 0 @InitBinder, 1 RequestBodyAdvice, 1 ResponseBodyAdvice
2019-03-01 10:55:29.624 DEBUG 9296 --- [main] s.w.s.m.m.a.RequestMappingHandlerMapping : 3 mappings in 'requestMappingHandlerMapping'
2019-03-01 10:55:29.632 DEBUG 9296 --- [main] o.s.w.s.handler.SimpleUrlHandlerMapping  : Patterns [/webjars/**, /**] in 'resourceHandlerMapping'
2019-03-01 10:55:29.638 DEBUG 9296 --- [main] .m.m.a.ExceptionHandlerExceptionResolver : ControllerAdvice beans: 0 @ExceptionHandler, 1 ResponseBodyAdvice
2019-03-01 10:55:29.656  WARN 9296 --- [main] ion$DefaultTemplateResolverConfiguration : Cannot find template location: classpath:/templates/ (please add some templates or check your Thymeleaf configuration)
2019-03-01 10:55:29.935  INFO 9296 --- [main] o.s.b.w.embedded.tomcat.TomcatWebServer  : Tomcat started on port(s): 8080 (http) with context path ''
2019-03-01 10:55:29.938  INFO 9296 --- [main] com.example.library.LibraryApplication   : Started LibraryApplication in 2.238 seconds (JVM running for 3.022)
2019-03-01 13:59:56.846  INFO 9296 --- [Thread-2] o.s.s.concurrent.ThreadPoolTaskExecutor  : Shutting down ExecutorService 'applicationTaskExecutor'
